<?xml version="1.0" encoding="UTF-8"?>
<!-- Generated by org.testng.reporters.JUnitXMLReporter -->
<testsuite ignored="0" hostname="Jujaresai" failures="1" tests="1" name="Test" time="8.469" errors="0" timestamp="2025-01-30T10:29:04 IST">
  <testcase classname="testCases.LoginTest" name="loginWebsite" time="2.011">
    <failure type="java.lang.AssertionError" message="expected [AutomationExercises] but found [Automation Exercise - Signup / Login]">
      <![CDATA[java.lang.AssertionError: expected [AutomationExercises] but found [Automation Exercise - Signup / Login]
at testCases.LoginTest.loginWebsite(LoginTest.java:27)
at java.base/java.util.ArrayList.forEach(ArrayList.java:1597)
... Removed 31 stack frames]]>
    </failure>
  </testcase> <!-- loginWebsite -->
</testsuite> <!-- Test -->
