<?xml version="1.0" encoding="UTF-8"?>
<!-- Generated by org.testng.reporters.JUnitXMLReporter -->
<testsuite ignored="0" hostname="Jujaresai" failures="1" tests="1" name="Test" time="8.208" errors="0" timestamp="2025-01-31T10:58:23 IST">
  <testcase classname="testCases.LoginTest" name="loginWebsite" time="3.511">
    <failure type="java.lang.AssertionError" message="expected [AutomationExercises] but found [Automation Exercise]">
      <![CDATA[java.lang.AssertionError: expected [AutomationExercises] but found [Automation Exercise]
at testCases.LoginTest.loginWebsite(LoginTest.java:27)
at java.base/java.util.ArrayList.forEach(ArrayList.java:1597)
... Removed 31 stack frames]]>
    </failure>
  </testcase> <!-- loginWebsite -->
</testsuite> <!-- Test -->
