<?xml version="1.0" encoding="UTF-8"?>
<!-- Generated by org.testng.reporters.JUnitXMLReporter -->
<testsuite ignored="0" hostname="Jujaresai" failures="1" tests="1" name="Test" time="9.856" errors="0" timestamp="2025-01-30T10:18:11 IST">
  <testcase classname="testCases.LoginTest" name="loginWebsite" time="3.595">
    <failure type="java.lang.AssertionError" message="expected [true] but found [false]">
      <![CDATA[java.lang.AssertionError: expected [true] but found [false]
at testCases.LoginTest.loginWebsite(LoginTest.java:23)
at java.base/java.util.ArrayList.forEach(ArrayList.java:1597)
... Removed 36 stack frames]]>
    </failure>
  </testcase> <!-- loginWebsite -->
</testsuite> <!-- Test -->
